[debug] [2020-02-28T08:06:57.457Z] ----------------------------------------------------------------------
[debug] [2020-02-28T08:06:57.461Z] Command:       C:\Program Files\nodejs\node.exe C:\Users\mirwa\AppData\Roaming\npm\node_modules\firebase-tools\lib\bin\firebase.js deploy
[debug] [2020-02-28T08:06:57.461Z] CLI Version:   7.13.1
[debug] [2020-02-28T08:06:57.461Z] Platform:      win32
[debug] [2020-02-28T08:06:57.461Z] Node Version:  v11.8.0
[debug] [2020-02-28T08:06:57.470Z] Time:          Fri Feb 28 2020 09:06:57 GMT+0100 (GMT+01:00)
[debug] [2020-02-28T08:06:57.470Z] ----------------------------------------------------------------------
[debug] [2020-02-28T08:06:57.470Z] 
[debug] [2020-02-28T08:06:57.491Z] > command requires scopes: ["email","openid","https://www.googleapis.com/auth/cloudplatformprojects.readonly","https://www.googleapis.com/auth/firebase","https://www.googleapis.com/auth/cloud-platform"]
[debug] [2020-02-28T08:06:57.491Z] > authorizing via signed-in user
[debug] [2020-02-28T08:06:57.491Z] [iam] checking project makeplanapp for permissions ["cloudfunctions.functions.create","cloudfunctions.functions.delete","cloudfunctions.functions.get","cloudfunctions.functions.list","cloudfunctions.functions.update","cloudfunctions.operations.get","firebase.projects.get","firebasehosting.sites.update"]
[debug] [2020-02-28T08:06:57.494Z] > refreshing access token with scopes: ["email","https://www.googleapis.com/auth/cloud-platform","https://www.googleapis.com/auth/cloudplatformprojects.readonly","https://www.googleapis.com/auth/firebase","openid"]
[debug] [2020-02-28T08:06:57.494Z] >>> HTTP REQUEST POST https://www.googleapis.com/oauth2/v3/token  
 <request body omitted>
[debug] [2020-02-28T08:06:57.734Z] <<< HTTP RESPONSE 200
[debug] [2020-02-28T08:06:57.741Z] >>> HTTP REQUEST POST https://cloudresourcemanager.googleapis.com/v1/projects/makeplanapp:testIamPermissions  

[debug] [2020-02-28T08:06:58.838Z] <<< HTTP RESPONSE 200
[debug] [2020-02-28T08:06:58.839Z] >>> HTTP REQUEST GET https://firebase.googleapis.com/v1beta1/projects/makeplanapp  
 
[debug] [2020-02-28T08:06:59.176Z] <<< HTTP RESPONSE 200
[info] 
[info] === Deploying to 'makeplanapp'...
[info] 
[info] i  deploying functions, hosting
[debug] [2020-02-28T08:07:02.785Z] > [functions] package.json contents: {
  "name": "functions",
  "description": "Cloud Functions for Firebase",
  "scripts": {
    "serve": "firebase serve --only functions",
    "shell": "firebase functions:shell",
    "start": "npm run shell",
    "deploy": "firebase deploy --only functions",
    "logs": "firebase functions:log"
  },
  "engines": {
    "node": "8"
  },
  "dependencies": {
    "firebase-admin": "^8.6.0",
    "firebase-functions": "^3.3.0"
  },
  "devDependencies": {
    "firebase-functions-test": "^0.1.6"
  },
  "private": true
}
[info] i  functions: ensuring necessary APIs are enabled...
[debug] [2020-02-28T08:07:02.788Z] >>> HTTP REQUEST GET https://serviceusage.googleapis.com/v1/projects/makeplanapp/services/cloudfunctions.googleapis.com  
 
[debug] [2020-02-28T08:07:02.788Z] >>> HTTP REQUEST GET https://serviceusage.googleapis.com/v1/projects/makeplanapp/services/runtimeconfig.googleapis.com  
 
[debug] [2020-02-28T08:07:04.003Z] <<< HTTP RESPONSE 200
[debug] [2020-02-28T08:07:04.028Z] <<< HTTP RESPONSE 200
[info] +  functions: all necessary APIs are enabled
[debug] [2020-02-28T08:07:04.030Z] >>> HTTP REQUEST GET https://firebase.googleapis.com/v1beta1/projects/makeplanapp/adminSdkConfig  
 
[debug] [2020-02-28T08:07:04.283Z] <<< HTTP RESPONSE 200
[debug] [2020-02-28T08:07:04.285Z] >>> HTTP REQUEST POST https://firebasehosting.googleapis.com/v1beta1/sites/makeplanapp/versions  

[debug] [2020-02-28T08:07:15.387Z] <<< HTTP RESPONSE 503
[debug] [2020-02-28T08:07:15.387Z] <<< HTTP RESPONSE BODY
[error] 
[error] Error: HTTP Error: 503, The service is currently unavailable.
[debug] [2020-02-28T08:07:15.575Z] Error Context: {
  "body": {
    "error": {
      "code": 503,
      "message": "The service is currently unavailable.",
      "status": "UNAVAILABLE"
    }
  },
  "response": {
    "statusCode": 503,
    "body": {
      "error": {
        "code": 503,
        "message": "The service is currently unavailable.",
        "status": "UNAVAILABLE"
      }
    },
    "headers": {
      "vary": "X-Origin, Referer, Origin,Accept-Encoding",
      "content-type": "application/json; charset=UTF-8",
      "date": "Fri, 28 Feb 2020 08:07:13 GMT",
      "server": "ESF",
      "cache-control": "private",
      "x-xss-protection": "0",
      "x-frame-options": "SAMEORIGIN",
      "x-content-type-options": "nosniff",
      "alt-svc": "quic=\":443\"; ma=2592000; v=\"46,43\",h3-Q050=\":443\"; ma=2592000,h3-Q049=\":443\"; ma=2592000,h3-Q048=\":443\"; ma=2592000,h3-Q046=\":443\"; ma=2592000,h3-Q043=\":443\"; ma=2592000",
      "accept-ranges": "none",
      "transfer-encoding": "chunked"
    },
    "request": {
      "uri": {
        "protocol": "https:",
        "slashes": true,
        "auth": null,
        "host": "firebasehosting.googleapis.com",
        "port": 443,
        "hostname": "firebasehosting.googleapis.com",
        "hash": null,
        "search": null,
        "query": null,
        "pathname": "/v1beta1/sites/makeplanapp/versions",
        "path": "/v1beta1/sites/makeplanapp/versions",
        "href": "https://firebasehosting.googleapis.com/v1beta1/sites/makeplanapp/versions"
      },
      "method": "POST"
    }
  }
}
